Engine-Match 21 April 2021 12:29:09
 Blitz 10/5 

Pairing 1/1 :    RockFish 2  -  RockFish 1

PGN-File: /home/main/Tournaments/Arena.pgn

No:  B/W 1/2     W:B       1:2           Time        Value Moves Dep 1:2       1-2-Draws
   1 = =    0.5:0.5        0.5:0.5       12:54:53    -0.00    59 0:0 0-0-1
   1 * *     0.0:0.0        0.0:0.0       16:57:32    -0.00     1 0:0 0-0-0
   1 = =    0.5:0.5        0.5:0.5       17:00:13    -0.00    55 0:0 0-0-1
   1 * *     0.0:0.0        0.0:0.0       17:21:21    -0.00    31 0:0 0-0-0
   1 = =    0.5:0.5        0.5:0.5       17:35:18    -0.00    33 0:0 0-0-1
   1 * *     0.5:0.5        0.5:20.5      18:47:45    -0.00     2 0:0 0-20-1

--------------------------------------------------------------

Engine-Match 21 April 2021 18:50:18
 Blitz 0:10/0 

Pairing 1/1 :    RockFish 3  -  RockFish 3

PGN-File: /home/main/Tournaments/Arena.pgn

No:  B/W 1/2     W:B       1:2           Time        Value Moves Dep 1:2       1-2-Draws
   1 W 1    1.5:0.5        1.5:20.5      18:50:18    -0.00     1 0:0 1-20-1
   1 = =    0.5:0.5        0.5:0.5       18:51:38    -0.00    72 0:0 0-0-1

--------------------------------------------------------------

Engine-Match 21 April 2021 19:31:51
 Blitz 0:10/0 

Pairing 1/1 :    RockFish 3  -  RockFish 2

PGN-File: /home/main/Tournaments/Arena.pgn

No:  B/W 1/2     W:B       1:2           Time        Value Moves Dep 1:2       1-2-Draws
   1 B 2    1.0:0.0        0.0:1.0       19:31:52    -0.00     0 0:0 0-1-0
   1 B 2    1.0:0.0        0.0:1.0       19:37:51    -0.00     0 0:0 0-1-0
   1 B 2    1.0:0.0        0.0:21.0      19:38:37    -0.00    10 0:0 0-21-0

--------------------------------------------------------------

Engine-Match 21 April 2021 19:42:00
 Blitz 0:10/0 

Pairing 1/1 :    RockFish 3  -  RockFish 3

PGN-File: /home/main/Tournaments/Arena.pgn

No:  B/W 1/2     W:B       1:2           Time        Value Moves Dep 1:2       1-2-Draws

--------------------------------------------------------------

Engine-Match 21 April 2021 20:42:00
 Blitz 0:10/0 

Pairing 1/1 :    RockFish 3  -  RockFish 2

PGN-File: /home/main/Tournaments/Arena.pgn

No:  B/W 1/2     W:B       1:2           Time        Value Moves Dep 1:2       1-2-Draws
   1 W 1    1.0:0.0        1.0:0.0       20:42:27    -0.00    41 0:0 1-0-0

--------------------------------------------------------------

Engine-Match 23 April 2021 10:12:42
 Blitz 0:01/0 

Pairing 1/1 :    RockFish 3  -  RockFish 4

PGN-File: /home/main/Tournaments/Arena.pgn

No:  B/W 1/2     W:B       1:2           Time        Value Moves Dep 1:2       1-2-Draws
   1 B 2    1.0:0.0        0.0:1.0       10:12:47    -0.00    10 0:0 0-1-0
   1 W 1    1.0:0.0        1.0:0.0       11:14:55    -0.00    25 0:0 1-0-0
   1 W 1    1.0:0.0        1.0:0.0       11:58:36    -0.00    27 0:0 1-0-0
  21 W 1    4.0:3.0        10.0:11.0     17:19:53    -0.00     7 0:0 7-8-6

--------------------------------------------------------------

Engine-Match 23 April 2021 17:40:48
 Blitz 0:05/0 

Pairing 1/1 :    RockFish 3  -  RockFish 4

PGN-File: /home/main/Tournaments/Arena.pgn

No:  B/W 1/2     W:B       1:2           Time        Value Moves Dep 1:2       1-2-Draws
   1 W 1    1.0:0.0        1.0:0.0       17:40:56    -0.00    15 0:0 1-0-0

--------------------------------------------------------------

Engine-Match 23 April 2021 17:45:06
 Blitz 0:05/0 

Pairing 1/1 :    RockFish 3  -  RockFish 4

PGN-File: /home/main/Tournaments/Arena.pgn

No:  B/W 1/2     W:B       1:2           Time        Value Moves Dep 1:2       1-2-Draws
   1 = =    0.5:0.5        0.5:0.5       17:45:13    -0.00    12 0:0 0-0-1

--------------------------------------------------------------

Engine-Match 23 April 2021 18:37:02
 Blitz 0:05/0 

Pairing 1/1 :    RockFish 3  -  RockFish 4

PGN-File: /home/main/Tournaments/Arena.pgn

No:  B/W 1/2     W:B       1:2           Time        Value Moves Dep 1:2       1-2-Draws
   1 W 1    1.0:0.0        1.0:0.0       18:37:14    -0.00    20 0:0 1-0-0

--------------------------------------------------------------

Engine-Match 23 April 2021 18:39:37
 Blitz 0:05/0 

Pairing 1/1 :    RockFish 3  -  RockFish 4

PGN-File: /home/main/Tournaments/Arena.pgn

No:  B/W 1/2     W:B       1:2           Time        Value Moves Dep 1:2       1-2-Draws
   1 W 1    1.0:0.0        1.0:0.0       18:39:45    -0.00    15 0:0 1-0-0
   1 W 1    1.0:0.0        1.0:0.0       18:40:10    -0.00    14 0:0 1-0-0

--------------------------------------------------------------

Engine-Match 23 April 2021 18:41:59
 Blitz 0:05/0 

Pairing 1/1 :    RockFish 3  -  RockFish 4

PGN-File: /home/main/Tournaments/Arena.pgn

No:  B/W 1/2     W:B       1:2           Time        Value Moves Dep 1:2       1-2-Draws
   1 W 1    1.0:0.0        1.0:0.0       18:42:08    -0.00    16 0:0 1-0-0

--------------------------------------------------------------

Engine-Match 23 April 2021 19:08:15
 Blitz 0:05/0 

Pairing 1/1 :    RockFish 3  -  RockFish 4

PGN-File: /home/main/Tournaments/Arena.pgn

No:  B/W 1/2     W:B       1:2           Time        Value Moves Dep 1:2       1-2-Draws
   1 = =    0.5:0.5        0.5:0.5       19:08:35    -0.00    41 0:0 0-0-1
  21 W 1    6.0:5.0        8.0:13.0      19:25:56    -0.00    17 0:0 3-8-10

--------------------------------------------------------------

Engine-Match 23 April 2021 19:31:24
 Blitz 5/0 

Pairing 1/1 :    RockFish 3  -  RockFish 4

PGN-File: /home/main/Tournaments/Arena.pgn

No:  B/W 1/2     W:B       1:2           Time        Value Moves Dep 1:2       1-2-Draws
   1 = =    0.5:0.5        0.5:0.5       19:38:00    -0.00    52 0:0 0-0-1
   1 = =    0.5:0.5        0.5:0.5       16:30:50    -0.00    31 0:0 0-0-1
   1 W 1    1.0:0.0        1.0:0.0       19:17:17    -0.00    18 0:0 1-0-0

--------------------------------------------------------------

Engine-Match 24 April 2021 20:17:26
 Blitz 0:10/0 

Pairing 1/1 :    RockFish 3  -  RockFish 4

PGN-File: /home/main/Tournaments/Arena.pgn

No:  B/W 1/2     W:B       1:2           Time        Value Moves Dep 1:2       1-2-Draws
  21 = =    4.0:4.0        9.0:12.0      20:31:48    -0.00    41 0:0 5-8-8
  71 = =    16.5:16.5      28.5:42.5     21:21:19    -0.00    50 0:0 12-26-33
  91 W 1    21.5:20.5      35.5:55.5     21:32:27    -0.00    47 0:0 15-35-41
 141 = =    31.5:31.5      51.5:89.5     22:01:19    -0.00    38 0:0 20-58-63
